KleioTranslator - server version 10.14 - build 414 (MHK: 2056/master) (2021-10-09 20:15:18, MHK: 29/03/2022 18:13 )
29-3-2022 10-18

Processing data file eleicoes1.cli
-------------------------------------------
Generic Act translation module with geoentities (XML).
     Joaquim Ramos de Carvalho (joaquim@uc.pt) 
** New document: kleio
=========================
kleio translation started
=========================
Structure: gacto2.str
Prefix: 
Autorel: 
Translation count: 14
Obs: 
** Processing source fonte$mis mesa1

WARNING: eleicoes1.cli line 3 * Warning: Filename should match source Id to avoid errors. File: eleicoes1 Id: mis mesa1.
Near lines: 3 
Near lines: 4       amz$emz1-1/2/7/1684/12/resumo=termo de eleicao de irmaos da mesa

6: amz$emz1-1
81: amz$emz1-2
151: amz$emz1-3
223: amz$emz1-4
294: amz$emz1-5
364: amz$emz1-6
433: amz$emz1-7
476: amz$emz1-8
478: amz$emz1-9
557: amz$emz1-10
624: amz$emz1-11
692: amz$emz1-12
757: amz$emz1-13
825: amz$emz1-14
890: amz$emz1-15
956: amz$emz1-16
999: amz$emz1-17
1041: amz$emz1-18
1046: amz$emz1-19
1101: amz$emz1-20
1165: amz$emz1-21
1231: amz$emz1-22
1298: amz$emz1-23
1364: amz$emz1-24
1428: amz$emz1-25
1494: amz$emz1-26
1557: amz$emz1-27
1621: amz$emz1-28
*** End of File


** Processed file- /kleio-home/sources/demo_sources/soure/irmaos_misericordia/eleicoes1.cli
** Original file- /kleio-home/sources/demo_sources/soure/irmaos_misericordia/eleicoes1.org
** Previous version- /kleio-home/sources/demo_sources/soure/irmaos_misericordia/eleicoes1.old
** Temp file with ids- /kleio-home/sources/demo_sources/soure/irmaos_misericordia/eleicoes1.ids
0  errors. 
1  warnings.
Translation finished.
