KleioTranslator - server version 10.14 - build 414 (MHK: 2056/master) (2021-10-09 20:15:18, MHK: 29/03/2022 18:13 )
29-3-2022 10-18

Processing data file eleicoes5.cli
-------------------------------------------
Generic Act translation module with geoentities (XML).
     Joaquim Ramos de Carvalho (joaquim@uc.pt) 
** New document: kleio
=========================
kleio translation started
=========================
Structure: gacto2.str
Prefix: 
Autorel: 
Translation count: 12
Obs: 
** Processing source fonte$mis mesa5

WARNING: eleicoes5.cli line 3 * Warning: Filename should match source Id to avoid errors. File: eleicoes5 Id: mis mesa5.
Near lines: 3 
Near lines: 4       amz$emz5-1/03/07/1904/13/resumo=termo de eleicao de irmaos da mesa

6: amz$emz5-1
32: amz$emz5-2
61: amz$emz5-3
87: amz$emz5-4
114: amz$emz5-5
141: amz$emz5-6
168: amz$emz5-7
195: amz$emz5-8
222: amz$emz5-9
249: amz$emz5-10
275: amz$emz5-11
301: amz$emz5-12
327: amz$emz5-13
353: amz$emz5-14
*** End of File


** Processed file- /kleio-home/sources/demo_sources/soure/irmaos_misericordia/eleicoes5.cli
** Original file- /kleio-home/sources/demo_sources/soure/irmaos_misericordia/eleicoes5.org
** Previous version- /kleio-home/sources/demo_sources/soure/irmaos_misericordia/eleicoes5.old
** Temp file with ids- /kleio-home/sources/demo_sources/soure/irmaos_misericordia/eleicoes5.ids
0  errors. 
1  warnings.
Translation finished.
