KleioTranslator - server version 10.15 - build 443 (MHK: 2053/master) (2022-01-20 14:25:22, MHK: 13/03/2022 09:16 )
29-3-2022 10-11

Processing data file c1687.cli
-------------------------------------------
Generic Act translation module with geoentities (XML).
     Joaquim Ramos de Carvalho (joaquim@uc.pt) 
** New document: kleio
=========================
kleio translation started
=========================
Structure: gacto.str
Prefix: 
Autorel: 
Translation count: 5
Obs: 
** Processing source fonte$casamentos 1687

WARNING: c1687.cli line 3 * Warning: Filename should match source Id to avoid errors. File: c1687 Id: casamentos 1687.
Near lines: 3 
Near lines: 4       cas$c1687.1/14/2/1687/igreja matriz/manuel cordeiro

6: cas$c1687.1
31: cas$c1687.2
52: cas$c1687.3
81: cas$c1687.4
107: cas$c1687.5
138: cas$c1687.6
167: cas$c1687.7
193: cas$c1687.8
221: cas$c1687.9
238: cas$c1687.10
259: cas$c1687.11
275: cas$c1687.12
299: cas$c1687.13
326: cas$c1687.14
345: cas$c1687.15
376: cas$c1687.16
*** End of File


** Processed file- /kleio-home/sources/demo_sources/soure/casamentos/c1687.cli
** Original file- /kleio-home/sources/demo_sources/soure/casamentos/c1687.org
** Previous version- /kleio-home/sources/demo_sources/soure/casamentos/c1687.old
** Temp file with ids- /kleio-home/sources/demo_sources/soure/casamentos/c1687.ids
0  errors. 
1  warnings.
Translation finished.
