KleioTranslator - server version 10.15 - build 443 (MHK: 2053/master) (2022-01-20 14:25:22, MHK: 13/03/2022 09:16 )
29-3-2022 10-11

Processing data file c1699.cli
-------------------------------------------
Generic Act translation module with geoentities (XML).
     Joaquim Ramos de Carvalho (joaquim@uc.pt) 
** New document: kleio
=========================
kleio translation started
=========================
Structure: gacto.str
Prefix: 
Autorel: 
Translation count: 7
Obs: 
** Processing source fonte$casamentos 1699

WARNING: c1699.cli line 3 * Warning: Filename should match source Id to avoid errors. File: c1699 Id: casamentos 1699.
Near lines: 3 
Near lines: 4       cas$c1699-122/7/1/1699/igreja matriz/luis alvares pinto/obs=dispensados em terceiro grau de consaguinidade

6: cas$c1699-122
32: cas$c1699-123
56: cas$c1699-124
81: cas$c1699-125
112: cas$c1699-126
139: cas$c1699-127
176: cas$c1699-128
206: cas$c1699-129
241: cas$c1699-130
270: cas$c1699-131
301: cas$c1699-132
331: cas$c1699-133
360: cas$c1699-134
387: cas$c1699-135
412: cas$c1699-136
437: cas$c1699-137
465: cas$c1699-138
489: cas$c1699-139
521: cas$c1699-140
548: cas$c1699-141
*** End of File


** Processed file- /kleio-home/sources/demo_sources/soure/casamentos/c1699.cli
** Original file- /kleio-home/sources/demo_sources/soure/casamentos/c1699.org
** Previous version- /kleio-home/sources/demo_sources/soure/casamentos/c1699.old
** Temp file with ids- /kleio-home/sources/demo_sources/soure/casamentos/c1699.ids
0  errors. 
1  warnings.
Translation finished.
