KleioTranslator - server version 10.15 - build 443 (MHK: 2053/master) (2022-01-20 14:25:22, MHK: 13/03/2022 09:16 )
29-3-2022 10-11

Processing data file c1705.cli
-------------------------------------------
Generic Act translation module with geoentities (XML).
     Joaquim Ramos de Carvalho (joaquim@uc.pt) 
** New document: kleio
=========================
kleio translation started
=========================
Structure: gacto.str
Prefix: 
Autorel: 
Translation count: 8
Obs: 
** Processing source fonte$casamentos 1705

WARNING: c1705.cli line 3 * Warning: Filename should match source Id to avoid errors. File: c1705 Id: casamentos 1705.
Near lines: 3 
Near lines: 4       cas$c1705-283/11/1/1705/igreja de misericordia/luis ribeiro

6: cas$c1705-283
35: cas$c1705-284
67: cas$c1705-285
101: cas$c1705-286
127: cas$c1705-287
159: cas$c1705-288
189: cas$c1705-289
216: cas$c1705-290
247: cas$c1705-291
282: cas$c1705-292
307: cas$c1705-293
334: cas$c1705-294
378: cas$c1705-295
410: cas$c1705-296
438: cas$c1705-297
477: cas$c1705-298
515: cas$c1705-299
544: cas$c1705-300
573: cas$c1705-301
601: cas$c1705-302
*** End of File


** Processed file- /kleio-home/sources/demo_sources/soure/casamentos/c1705.cli
** Original file- /kleio-home/sources/demo_sources/soure/casamentos/c1705.org
** Previous version- /kleio-home/sources/demo_sources/soure/casamentos/c1705.old
** Temp file with ids- /kleio-home/sources/demo_sources/soure/casamentos/c1705.ids
0  errors. 
1  warnings.
Translation finished.
