KleioTranslator - server version 10.15 - build 443 (MHK: 2053/master) (2022-01-20 14:25:22, MHK: 13/03/2022 09:16 )
29-3-2022 10-11

Processing data file c1702.cli
-------------------------------------------
Generic Act translation module with geoentities (XML).
     Joaquim Ramos de Carvalho (joaquim@uc.pt) 
** New document: kleio
=========================
kleio translation started
=========================
Structure: gacto.str
Prefix: 
Autorel: 
Translation count: 9
Obs: 
** Processing source fonte$casamentos 1702

WARNING: c1702.cli line 3 * Warning: Filename should match source Id to avoid errors. File: c1702 Id: casamentos 1702.
Near lines: 3 
Near lines: 4       cas$c1702-209/1/1/1702/igreja matriz/luis alvares pinto

6: cas$c1702-209
29: cas$c1702-210
54: cas$c1702-211
79: cas$c1702-212
104: cas$c1702-213
128: cas$c1702-214
153: cas$c1702-215
178: cas$c1702-216
200: cas$c1702-217
230: cas$c1702-218
256: cas$c1702-219
279: cas$c1702-220
309: cas$c1702-221
340: cas$c1702-222
369: cas$c1702-223
405: cas$c1702-224
433: cas$c1702-225
466: cas$c1702-226
491: cas$c1702-227
521: cas$c1702-228
552: cas$c1702-229
583: cas$c1702-230
609: cas$c1702-231
638: cas$c1702-232
669: cas$c1702-233
699: cas$c1702-234
724: cas$c1702-235
750: cas$c1702-236
776: cas$c1702-237
805: cas$c1702-238
834: cas$c1702-239
865: cas$c1702-240
890: cas$c1702-241
916: cas$c1702-242
940: cas$c1702-243
970: cas$c1702-244
*** End of File


** Processed file- /kleio-home/sources/demo_sources/soure/casamentos/c1702.cli
** Original file- /kleio-home/sources/demo_sources/soure/casamentos/c1702.org
** Previous version- /kleio-home/sources/demo_sources/soure/casamentos/c1702.old
** Temp file with ids- /kleio-home/sources/demo_sources/soure/casamentos/c1702.ids
0  errors. 
1  warnings.
Translation finished.
