KleioTranslator - server version 10.15 - build 443 (MHK: 2053/master) (2022-01-20 14:25:22, MHK: 13/03/2022 09:16 )
29-3-2022 10-11

Processing data file c1708.cli
-------------------------------------------
Generic Act translation module with geoentities (XML).
     Joaquim Ramos de Carvalho (joaquim@uc.pt) 
** New document: kleio
=========================
kleio translation started
=========================
Structure: gacto.str
Prefix: 
Autorel: 
Translation count: 5
Obs: 
** Processing source fonte$casamentos 1708

WARNING: c1708.cli line 3 * Warning: Filename should match source Id to avoid errors. File: c1708 Id: casamentos 1708.
Near lines: 3 
Near lines: 4       cas$c1708.1/16/1/1708/Igreja matriz/luis alvares pinto

6: cas$c1708.1
35: cas$c1708.2
64: cas$c1708.3
91: cas$c1708.4
116: cas$c1708.5
147: cas$c1708.6
172: cas$c1708.7
194: cas$c1708.8
228: cas$c1708.10
254: cas$c1708.11
286: cas$c1708.12
315: cas$c1708.13
342: cas$c1708.14
368: cas$c1708.15
393: cas$c1708.16
418: cas$c1708.17
444: cas$c1708.18
474: cas$c1708.19
499: cas$c1708.20
524: cas$c1708.21
549: cas$c1708.22
576: cas$c1708.23
603: cas$c1708.24
628: cas$c1708.25
653: cas$c1708.26
678: cas$c1708.27
*** End of File


** Processed file- /kleio-home/sources/demo_sources/soure/casamentos/c1708.cli
** Original file- /kleio-home/sources/demo_sources/soure/casamentos/c1708.org
** Previous version- /kleio-home/sources/demo_sources/soure/casamentos/c1708.old
** Temp file with ids- /kleio-home/sources/demo_sources/soure/casamentos/c1708.ids
0  errors. 
1  warnings.
Translation finished.
