KleioTranslator - server version 10.15 - build 443 (MHK: 2053/master) (2022-01-20 14:25:22, MHK: 13/03/2022 09:16 )
29-3-2022 10-11

Processing data file c1706.cli
-------------------------------------------
Generic Act translation module with geoentities (XML).
     Joaquim Ramos de Carvalho (joaquim@uc.pt) 
** New document: kleio
=========================
kleio translation started
=========================
Structure: gacto.str
Prefix: 
Autorel: 
Translation count: 9
Obs: 
** Processing source fonte$casamentos 1706

WARNING: c1706.cli line 3 * Warning: Filename should match source Id to avoid errors. File: c1706 Id: casamentos 1706.
Near lines: 3 
Near lines: 4       cas$c1706-303/3/1/1706/igreja matriz/luis alvares pinto

6: cas$c1706-303
32: cas$c1706-304
64: cas$c1706-305
93: cas$c1706-306
118: cas$c1706-307
146: cas$c1706-308
173: cas$c1706-309
198: cas$c1706-310
229: cas$c1706-311
263: cas$c1706-312
296: cas$c1706-313
322: cas$c1706-314
355: cas$c1706-315
384: cas$c1706-316
415: cas$c1706-317
449: cas$c1706-318
474: cas$c1706-319
508: cas$c1706-320
546: cas$c1706-321
572: cas$c1706-322
604: cas$c1706-323
629: cas$c1706-324
654: cas$c1706-325
681: cas$c1706-326
704: cas$c1706-327
736: cas$c1706-328
762: cas$c1706-329
788: cas$c1706-330
*** End of File


** Processed file- /kleio-home/sources/demo_sources/soure/casamentos/c1706.cli
** Original file- /kleio-home/sources/demo_sources/soure/casamentos/c1706.org
** Previous version- /kleio-home/sources/demo_sources/soure/casamentos/c1706.old
** Temp file with ids- /kleio-home/sources/demo_sources/soure/casamentos/c1706.ids
0  errors. 
1  warnings.
Translation finished.
