KleioTranslator - server version 10.14 - build 414 (MHK: 2056/master) (2021-10-09 20:15:18, MHK: 29/03/2022 18:13 )
29-3-2022 10-17

Processing data file c1713.cli
-------------------------------------------
Generic Act translation module with geoentities (XML).
     Joaquim Ramos de Carvalho (joaquim@uc.pt) 
** New document: kleio
=========================
kleio translation started
=========================
Structure: gacto.str
Prefix: 
Autorel: 
Translation count: 7
Obs: 
** Processing source fonte$casamentos 1713

WARNING: c1713.cli line 3 * Warning: Filename should match source Id to avoid errors. File: c1713 Id: casamentos 1713.
Near lines: 3 
Near lines: 4       cas$c1713.1/8/1/1713/igreja matriz/manuel rodrigues (vigario)/obs= em muito mau estado

6: cas$c1713.1
12: cas$c1713.2
41: cas$c1713.3
43: cas$c1713.4
71: cas$c1713.5
102: cas$c1713.6
122: cas$c1713.6b
171: cas$c1713.7
216: cas$c1713.8
244: cas$c1713.9
290: cas$c1713.10
335: cas$c1713.11
365: cas$c1713.12
393: cas$c1713.13
429: cas$c1713.14
460: cas$c1713.15
500: cas$c1713.16
534: cas$c1713.17
565: cas$c1713.18
602: cas$c1713.19
632: cas$c1713.20
657: cas$c1713.21
688: cas$c1713.22
718: cas$c1713.23
*** End of File


** Processed file- /kleio-home/sources/demo_sources/soure/casamentos/c1713.cli
** Original file- /kleio-home/sources/demo_sources/soure/casamentos/c1713.org
** Previous version- /kleio-home/sources/demo_sources/soure/casamentos/c1713.old
** Temp file with ids- /kleio-home/sources/demo_sources/soure/casamentos/c1713.ids
0  errors. 
1  warnings.
Translation finished.
