KleioTranslator - server version 10.14 - build 414 (MHK: 2056/master) (2021-10-09 20:15:18, MHK: 29/03/2022 18:13 )
29-3-2022 10-17

Processing data file c1712.cli
-------------------------------------------
Generic Act translation module with geoentities (XML).
     Joaquim Ramos de Carvalho (joaquim@uc.pt) 
** New document: kleio
=========================
kleio translation started
=========================
Structure: gacto.str
Prefix: 
Autorel: 
Translation count: 8
Obs: 
** Processing source fonte$casamentos 1712

WARNING: c1712.cli line 3 * Warning: Filename should match source Id to avoid errors. File: c1712 Id: casamentos 1712.
Near lines: 3 
Near lines: 4       cas$c1712.1/25/1/1712/igreja matriz/manuel rodrigues

6: cas$c1712.1
38: cas$c1712.2
73: cas$c1712.3
105: cas$c1712.4
139: cas$c1712.5
170: cas$c1712.6
200: cas$c1712.7
233: cas$c1712.8
264: cas$c1712.9
299: cas$c1712.10
333: cas$c1712.11
363: cas$c1712.12
414: cas$c1712.13
440: cas$c1712.14
509: cas$c1712.15
539: cas$c1712.16
569: cas$c1712.17
604: cas$c1712.18
636: cas$c1712.19
672: cas$c1712.20
*** End of File


** Processed file- /kleio-home/sources/demo_sources/soure/casamentos/c1712.cli
** Original file- /kleio-home/sources/demo_sources/soure/casamentos/c1712.org
** Previous version- /kleio-home/sources/demo_sources/soure/casamentos/c1712.old
** Temp file with ids- /kleio-home/sources/demo_sources/soure/casamentos/c1712.ids
0  errors. 
1  warnings.
Translation finished.
