KleioTranslator - server version 10.14 - build 414 (MHK: 2056/master) (2021-10-09 20:15:18, MHK: 29/03/2022 18:13 )
29-3-2022 10-15

Processing data file b1685.cli
-------------------------------------------
Generic Act translation module with geoentities (XML).
     Joaquim Ramos de Carvalho (joaquim@uc.pt) 
** New document: kleio
=========================
kleio translation started
=========================
Structure: gacto2.str
Prefix: 
Autorel: 
Translation count: 32
Obs: 
** Processing source fonte$baptismos 1685

WARNING: b1685.cli line 3 * Warning: Filename should match source Id to avoid errors. File: b1685 Id: baptismos 1685.
Near lines: 3 
Near lines: 4       bap$b1685.1/8/7/1685/?/manuel cordeiro

6: bap$b1685.1
22: bap$b1685.2
40: bap$b1685.3
59: bap$b1685.4
70: bap$b1685.5
79: bap$b1685.6
98: bap$b1685.7
113: bap$b1685.8
129: bap$b1685.9
144: bap$b1685.10
156: bap$b1685.11
171: bap$b1685.12
183: bap$b1685.13
201: bap$b1685.14
219: bap$b1685.15
235: bap$b1685.16
250: bap$b1685.17
266: bap$b1685.18
284: bap$b1685.19
301: bap$b1685.20
318: bap$b1685.21
334: bap$b1685.22
351: bap$b1685.23
368: bap$b1685.24
381: bap$b1685.25
396: bap$b1685.26
416: bap$b1685.27
431: bap$b1685.27b
452: bap$b1685.27c
466: bap$b1685.27d
483: bap$b1685.28
502: bap$b1685.29
519: bap$b1685.30
533: bap$b1685.31
552: bap$b1685.32
573: bap$b1685.33
*** End of File


** Processed file- /kleio-home/sources/demo_sources/soure/batismos/b1685.cli
** Original file- /kleio-home/sources/demo_sources/soure/batismos/b1685.org
** Previous version- /kleio-home/sources/demo_sources/soure/batismos/b1685.old
** Temp file with ids- /kleio-home/sources/demo_sources/soure/batismos/b1685.ids
0  errors. 
1  warnings.
Translation finished.
