KleioTranslator - server version 10.14 - build 414 (MHK: 2056/master) (2021-10-09 20:15:18, MHK: 29/03/2022 18:13 )
29-3-2022 10-18

Processing data file J5.cli
-------------------------------------------
Generic Act translation module with geoentities (XML).
     Joaquim Ramos de Carvalho (joaquim@uc.pt) 
** New document: kleio
=========================
kleio translation started
=========================
Structure: gacto2.str
Prefix: 
Autorel: 
Translation count: 9
Obs: 
** Processing source fonte$cj5

WARNING: J5.cli line 3 * Warning: Filename should match source Id to avoid errors. File: J5 Id: cj5.
Near lines: 3 
Near lines: 4       chanc$cj5-1/28/3/1740/obs=alvara/resumo=alvara a diogo de abreu castelo branco

6: chanc$cj5-1
10: chanc$cj5-4
14: chanc$cj5-4b
*** End of File


** Processed file- /kleio-home/sources/demo_sources/soure/chancelarias/J5.cli
** Original file- /kleio-home/sources/demo_sources/soure/chancelarias/J5.org
** Previous version- /kleio-home/sources/demo_sources/soure/chancelarias/J5.old
** Temp file with ids- /kleio-home/sources/demo_sources/soure/chancelarias/J5.ids
0  errors. 
1  warnings.
Translation finished.
